2026-06-17T06:26:00.153Z - GET /expenses
2026-06-17T06:26:03.228Z - GET /expenses
2026-06-17T06:27:27.799Z - GET /expenses
2026-06-17T06:27:28.611Z - GET /expenses
2026-06-17T06:27:28.930Z - GET /expenses
2026-06-17T06:27:29.152Z - GET /expenses
2026-06-17T06:27:29.338Z - GET /expenses
2026-06-17T06:27:42.205Z - GET /
2026-06-17T06:27:42.301Z - GET /style.css
2026-06-17T06:27:42.311Z - GET /script.js
2026-06-17T06:27:42.454Z - GET /expenses
2026-06-17T06:27:49.892Z - POST /expenses
2026-06-17T06:27:49.905Z - GET /expenses
2026-06-17T06:27:54.731Z - DELETE /expenses/1781677669896
2026-06-17T06:27:54.742Z - GET /expenses
2026-06-17T06:30:13.350Z - GET /
2026-06-17T06:30:13.413Z - GET /style.css
2026-06-17T06:30:13.422Z - GET /script.js
2026-06-17T06:30:13.444Z - GET /expenses
2026-06-17T06:30:14.354Z - GET /
2026-06-17T06:30:14.407Z - GET /style.css
2026-06-17T06:30:14.411Z - GET /script.js
2026-06-17T06:30:14.425Z - GET /expenses
2026-06-17T06:30:14.590Z - GET /
2026-06-17T06:30:14.623Z - GET /style.css
2026-06-17T06:30:14.625Z - GET /script.js
2026-06-17T06:30:14.633Z - GET /expenses
2026-06-17T06:30:14.772Z - GET /
2026-06-17T06:30:14.811Z - GET /style.css
2026-06-17T06:30:14.814Z - GET /script.js
2026-06-17T06:30:14.835Z - GET /expenses
2026-06-17T06:30:15.033Z - GET /
2026-06-17T06:30:15.066Z - GET /style.css
2026-06-17T06:30:15.068Z - GET /script.js
2026-06-17T06:30:15.078Z - GET /expenses
2026-06-17T06:30:15.432Z - GET /
2026-06-17T06:30:15.468Z - GET /style.css
2026-06-17T06:30:15.471Z - GET /script.js
2026-06-17T06:30:15.482Z - GET /expenses
2026-06-17T06:30:15.817Z - GET /
2026-06-17T06:30:15.851Z - GET /style.css
2026-06-17T06:30:15.853Z - GET /script.js
2026-06-17T06:30:15.869Z - GET /expenses
2026-06-17T06:31:10.958Z - GET /
2026-06-17T06:31:11.019Z - GET /style.css
2026-06-17T06:31:11.029Z - GET /script.js
2026-06-17T06:31:11.096Z - GET /expenses
2026-06-17T06:31:15.373Z - POST /expenses
2026-06-17T06:31:15.388Z - GET /expenses
2026-06-17T06:32:19.279Z - GET /
2026-06-17T06:32:19.325Z - GET /style.css
2026-06-17T06:32:19.332Z - GET /script.js
2026-06-17T06:32:19.352Z - GET /expenses
2026-06-17T06:32:20.027Z - GET /
2026-06-17T06:32:20.065Z - GET /style.css
2026-06-17T06:32:20.067Z - GET /script.js
2026-06-17T06:32:20.083Z - GET /expenses
2026-06-17T06:32:20.845Z - GET /
2026-06-17T06:32:20.892Z - GET /style.css
2026-06-17T06:32:20.896Z - GET /script.js
2026-06-17T06:32:20.907Z - GET /expenses
2026-06-17T06:32:21.493Z - GET /
2026-06-17T06:32:21.526Z - GET /style.css
2026-06-17T06:32:21.529Z - GET /script.js
2026-06-17T06:32:21.546Z - GET /expenses
2026-06-17T06:32:21.829Z - GET /
2026-06-17T06:32:21.865Z - GET /style.css
2026-06-17T06:32:21.868Z - GET /script.js
2026-06-17T06:32:21.884Z - GET /expenses
2026-06-17T06:32:39.546Z - GET /
2026-06-17T06:32:39.592Z - GET /style.css
2026-06-17T06:32:39.596Z - GET /script.js
2026-06-17T06:32:39.614Z - GET /expenses
2026-06-17T06:32:40.282Z - GET /
2026-06-17T06:32:40.321Z - GET /style.css
2026-06-17T06:32:40.325Z - GET /script.js
2026-06-17T06:32:40.336Z - GET /expenses
2026-06-17T06:32:40.695Z - GET /
2026-06-17T06:32:40.726Z - GET /style.css
2026-06-17T06:32:40.729Z - GET /script.js
2026-06-17T06:32:40.741Z - GET /expenses
2026-06-17T06:32:40.916Z - GET /
2026-06-17T06:32:40.962Z - GET /style.css
2026-06-17T06:32:40.965Z - GET /script.js
2026-06-17T06:32:40.981Z - GET /expenses
2026-06-17T06:32:41.117Z - GET /
2026-06-17T06:32:41.160Z - GET /style.css
2026-06-17T06:32:41.163Z - GET /script.js
2026-06-17T06:32:41.198Z - GET /expenses
2026-06-17T06:32:41.338Z - GET /
2026-06-17T06:32:41.378Z - GET /style.css
2026-06-17T06:32:41.381Z - GET /script.js
2026-06-17T06:32:41.396Z - GET /expenses
2026-06-17T06:32:41.531Z - GET /
2026-06-17T06:32:41.569Z - GET /style.css
2026-06-17T06:32:41.572Z - GET /script.js
2026-06-17T06:32:41.590Z - GET /expenses
